<?xml version="1.0" encoding="UTF-8"?>
<testsuites name="jest tests" tests="3" failures="0" errors="0" time="2.152">
  <testsuite name="@tresdoce-nestjs-toolkit/response-parser" errors="0" failures="0" skipped="0" timestamp="2023-07-29T19:53:59" time="2.096" tests="3">
    <testcase classname="ResponseInterceptor" name="should be defined" time="0.003" file="src/__test__/response.interceptor.spec.ts">
    </testcase>
    <testcase classname="ResponseInterceptor" name="should return an ResponseInterceptor instance simple entity" time="0.004" file="src/__test__/response.interceptor.spec.ts">
    </testcase>
    <testcase classname="ResponseInterceptor" name="should return an ResponseInterceptor instance multiple entity" time="0" file="src/__test__/response.interceptor.spec.ts">
    </testcase>
  </testsuite>
</testsuites>