<?xml version="1.0" encoding="UTF-8"?>
<testsuites name="jest tests" tests="9" failures="0" errors="0" time="5.522">
  <testsuite name="@tresdoce-nestjs-toolkit/archetype" errors="0" failures="0" skipped="0" timestamp="2023-07-29T20:10:01" time="3.882" tests="5">
    <testcase classname="ArchetypeService" name="should be defined" time="0.017" file="src/__test__/archetype.service.spec.ts">
    </testcase>
    <testcase classname="ArchetypeService" name="should be read package file" time="0.005" file="src/__test__/archetype.service.spec.ts">
    </testcase>
    <testcase classname="ArchetypeService" name="should be return archetype version" time="0.004" file="src/__test__/archetype.service.spec.ts">
    </testcase>
    <testcase classname="ArchetypeService" name="should be return application info" time="0.003" file="src/__test__/archetype.service.spec.ts">
    </testcase>
    <testcase classname="ArchetypeService" name="should be return manifest" time="0.003" file="src/__test__/archetype.service.spec.ts">
    </testcase>
  </testsuite>
  <testsuite name="@tresdoce-nestjs-toolkit/archetype" errors="0" failures="0" skipped="0" timestamp="2023-07-29T20:10:05" time="0.738" tests="1">
    <testcase classname="ArchetypeModule" name="should be define" time="0.197" file="src/__test__/archetype.module.spec.ts">
    </testcase>
  </testsuite>
  <testsuite name="@tresdoce-nestjs-toolkit/archetype" errors="0" failures="0" skipped="0" timestamp="2023-07-29T20:10:05" time="0.565" tests="2">
    <testcase classname="ArchetypeController" name="should be defined" time="0.017" file="src/__test__/archetype.controller.spec.ts">
    </testcase>
    <testcase classname="ArchetypeController" name="should be return manifest json" time="0.006" file="src/__test__/archetype.controller.spec.ts">
    </testcase>
  </testsuite>
  <testsuite name="@tresdoce-nestjs-toolkit/archetype" errors="0" failures="0" skipped="0" timestamp="2023-07-29T20:10:06" time="0.243" tests="1">
    <testcase classname="Constants" name="should be return exclude to prefix global" time="0.003" file="src/__test__/constants.spec.ts">
    </testcase>
  </testsuite>
</testsuites>