<?xml version="1.0" encoding="UTF-8"?>
<testsuites name="jest tests" tests="10" failures="0" errors="0" time="7.529">
  <testsuite name="@tresdoce-nestjs-toolkit/health" errors="0" failures="0" skipped="0" timestamp="2023-07-29T20:08:08" time="5.024" tests="4">
    <testcase classname="Health › Ready controller - extend config" name="should be defined with extend config" time="1.028" file="src/__test__/readiness.controller.spec.ts">
    </testcase>
    <testcase classname="Health › Ready controller - extend config" name="should be return up services with extend config" time="0.007" file="src/__test__/readiness.controller.spec.ts">
    </testcase>
    <testcase classname="Health › Ready controller - simple config" name="should be defined with simple config" time="0.005" file="src/__test__/readiness.controller.spec.ts">
    </testcase>
    <testcase classname="Health › Ready controller - simple config" name="should be return up services with simple config" time="0.005" file="src/__test__/readiness.controller.spec.ts">
    </testcase>
  </testsuite>
  <testsuite name="@tresdoce-nestjs-toolkit/health" errors="0" failures="0" skipped="0" timestamp="2023-07-29T20:08:13" time="1.816" tests="3">
    <testcase classname="HealthModule" name="should be define" time="0.691" file="src/__test__/health.module.spec.ts">
    </testcase>
    <testcase classname="HealthModule" name="should be return status up" time="0.013" file="src/__test__/health.module.spec.ts">
    </testcase>
    <testcase classname="HealthModule" name="should be return readiness services" time="0.332" file="src/__test__/health.module.spec.ts">
    </testcase>
  </testsuite>
  <testsuite name="@tresdoce-nestjs-toolkit/health" errors="0" failures="0" skipped="0" timestamp="2023-07-29T20:08:15" time="0.385" tests="2">
    <testcase classname="Health - Live controller" name="should be defined" time="0.015" file="src/__test__/liveness.controller.spec.ts">
    </testcase>
    <testcase classname="Health - Live controller" name="should be return up liveness" time="0.003" file="src/__test__/liveness.controller.spec.ts">
    </testcase>
  </testsuite>
  <testsuite name="@tresdoce-nestjs-toolkit/health" errors="0" failures="0" skipped="0" timestamp="2023-07-29T20:08:15" time="0.221" tests="1">
    <testcase classname="healthConstants" name="should be return exclude to prefix global" time="0.003" file="src/__test__/constants.spec.ts">
    </testcase>
  </testsuite>
</testsuites>