<?xml version="1.0" encoding="UTF-8"?>
<testsuites name="jest tests" tests="10" failures="0" errors="0" time="6.87">
  <testsuite name="@tresdoce-nestjs-toolkit/health" errors="0" failures="0" skipped="0" timestamp="2023-07-29T19:51:22" time="4.542" tests="4">
    <testcase classname="Health › Ready controller - extend config" name="should be defined with extend config" time="1.068" file="src/__test__/readiness.controller.spec.ts">
    </testcase>
    <testcase classname="Health › Ready controller - extend config" name="should be return up services with extend config" time="0.006" file="src/__test__/readiness.controller.spec.ts">
    </testcase>
    <testcase classname="Health › Ready controller - simple config" name="should be defined with simple config" time="0.005" file="src/__test__/readiness.controller.spec.ts">
    </testcase>
    <testcase classname="Health › Ready controller - simple config" name="should be return up services with simple config" time="0.007" file="src/__test__/readiness.controller.spec.ts">
    </testcase>
  </testsuite>
  <testsuite name="@tresdoce-nestjs-toolkit/health" errors="0" failures="0" skipped="0" timestamp="2023-07-29T19:51:26" time="1.705" tests="3">
    <testcase classname="HealthModule" name="should be define" time="0.637" file="src/__test__/health.module.spec.ts">
    </testcase>
    <testcase classname="HealthModule" name="should be return status up" time="0.014" file="src/__test__/health.module.spec.ts">
    </testcase>
    <testcase classname="HealthModule" name="should be return readiness services" time="0.307" file="src/__test__/health.module.spec.ts">
    </testcase>
  </testsuite>
  <testsuite name="@tresdoce-nestjs-toolkit/health" errors="0" failures="0" skipped="0" timestamp="2023-07-29T19:51:28" time="0.318" tests="2">
    <testcase classname="Health - Live controller" name="should be defined" time="0.01" file="src/__test__/liveness.controller.spec.ts">
    </testcase>
    <testcase classname="Health - Live controller" name="should be return up liveness" time="0.002" file="src/__test__/liveness.controller.spec.ts">
    </testcase>
  </testsuite>
  <testsuite name="@tresdoce-nestjs-toolkit/health" errors="0" failures="0" skipped="0" timestamp="2023-07-29T19:51:28" time="0.2" tests="1">
    <testcase classname="healthConstants" name="should be return exclude to prefix global" time="0.002" file="src/__test__/constants.spec.ts">
    </testcase>
  </testsuite>
</testsuites>